{"level": "INFO", "message": "Device startup", "details": {"DeviceID": "HD12345", "Model": "HeartMonitor-3000", "Firmware": "1.2.3"}}
{"level": "INFO", "message": "Patient data recorded", "details": {"PatientID": "67890", "FirstName": "John", "LastName": "Doe", "DOB": "1970-01-01", "HeartRate": 72, "BP": "120/80", "DeviceID": "HD12345"}}
{"level": "INFO", "message": "Routine calibration performed", "details": {"DeviceID": "HD12345", "CalibrationID": "CAL45678"}}
{"level": "WARN", "message": "Low battery", "details": {"DeviceID": "HD12345", "BatteryLevel": "15%"}}
{"level": "INFO", "message": "Patient data recorded", "details": {"PatientID": "67891", "FirstName": "Jane", "LastName": "Smith", "DOB": "1985-05-15", "HeartRate": 85, "BP": "130/85", "DeviceID": "HD12345"}}
{"level": "ERROR", "message": "Sensor malfunction", "details": {"DeviceID": "HD12345", "SensorID": "SEN7890", "ErrorCode": "E001"}}
{"level": "INFO", "message": "Device rebooted", "details": {"DeviceID": "HD12345"}}
{"level": "INFO", "message": "Software update installed", "details": {"DeviceID": "HD12345", "OldFirmware": "1.2.3", "NewFirmware": "1.2.4"}}
{"level": "INFO", "message": "Patient data recorded", "details": {"PatientID": "67892", "FirstName": "Robert", "LastName": "Brown", "DOB": "1990-07-22", "HeartRate": 68, "BP": "118/76", "DeviceID": "HD12345"}}
{"level": "INFO", "message": "Scheduled maintenance completed", "details": {"DeviceID": "HD12345", "MaintenanceID": "MAIN56789"}}
{"level": "INFO", "message": "Device self-check passed", "details": {"DeviceID": "HD12345"}}
{"level": "INFO", "message": "Patient data recorded", "details": {"PatientID": "67893", "FirstName": "Emily", "LastName": "White", "DOB": "2000-11-30", "HeartRate": 78, "BP": "115/75", "DeviceID": "HD12345"}}
{"level": "INFO", "message": "Device idle", "details": {"DeviceID": "HD12345"}}
{"level": "WARN", "message": "High temperature detected", "details": {"DeviceID": "HD12345", "Temperature": "85°C"}}
{"level": "INFO", "message": "Patient data recorded", "details": {"PatientID": "67894", "FirstName": "William", "LastName": "Black", "DOB": "1975-03-15", "HeartRate": 75, "BP": "122/78", "DeviceID": "HD12345"}}
{"level": "INFO", "message": "Battery replacement required", "details": {"DeviceID": "HD12345"}}
{"level": "INFO", "message": "Device connected to network", "details": {"DeviceID": "HD12345", "IP": "192.168.1.100"}}
{"level": "INFO", "message": "Patient data recorded", "details": {"PatientID": "67895", "FirstName": "Olivia", "LastName": "Green", "DOB": "1988-12-12", "HeartRate": 82, "BP": "125/80", "DeviceID": "HD12345"}}
{"level": "INFO", "message": "Device shutdown", "details": {"DeviceID": "HD12345"}}
{"level": "INFO", "message": "Device startup", "details": {"DeviceID": "HD12345", "Model": "HeartMonitor-3000", "Firmware": "1.2.4"}}
